0 info it worked if it ends with ok
1 verbose cli [ '/usr/local/bin/node', '/usr/local/bin/npm', 'repo' ]
2 info using npm@3.8.1
3 info using node@v4.4.0
4 silly fetchPackageMetaData .
5 silly fetchDirectoryPackageData .
6 verbose stack Error: no repository
6 verbose stack     at getUrlAndOpen (/usr/local/lib/node_modules/npm/lib/repo.js:27:21)
6 verbose stack     at /usr/local/lib/node_modules/npm/lib/repo.js:21:5
6 verbose stack     at /usr/local/lib/node_modules/npm/lib/fetch-package-metadata.js:37:12
6 verbose stack     at addRequestedAndFinish (/usr/local/lib/node_modules/npm/lib/fetch-package-metadata.js:82:5)
6 verbose stack     at /usr/local/lib/node_modules/npm/node_modules/read-package-json/read-json.js:345:5
6 verbose stack     at checkBinReferences_ (/usr/local/lib/node_modules/npm/node_modules/read-package-json/read-json.js:309:45)
6 verbose stack     at final (/usr/local/lib/node_modules/npm/node_modules/read-package-json/read-json.js:343:3)
6 verbose stack     at then (/usr/local/lib/node_modules/npm/node_modules/read-package-json/read-json.js:113:5)
6 verbose stack     at /usr/local/lib/node_modules/npm/node_modules/read-package-json/read-json.js:232:12
6 verbose stack     at /usr/local/lib/node_modules/npm/node_modules/graceful-fs/graceful-fs.js:78:16
7 verbose cwd /Users/william/Desktop/drawing-room
8 error Darwin 14.5.0
9 error argv "/usr/local/bin/node" "/usr/local/bin/npm" "repo"
10 error node v4.4.0
11 error npm  v3.8.1
12 error no repository
13 error If you need help, you may report this error at:
13 error     <https://github.com/npm/npm/issues>
14 verbose exit [ 1, true ]
